2025-09-01 15:08:43,234 INFO users.views views 1 138913154782912 User registration attempt for email: newuser456@example.com
2025-09-01 15:08:43,234 INFO users.views views 1 138913154782912 User registration attempt for email: newuser456@example.com
2025-09-01 15:08:43,247 ERROR users.views views 1 138913154782912 User registration failed with validation errors: {'username': [ErrorDetail(string='A user with that username already exists.', code='unique')], 'email': [ErrorDetail(string='User Profile with this email already exists.', code='unique')]}
2025-09-01 15:08:43,247 ERROR users.views views 1 138913154782912 User registration failed with validation errors: {'username': [ErrorDetail(string='A user with that username already exists.', code='unique')], 'email': [ErrorDetail(string='User Profile with this email already exists.', code='unique')]}
2025-09-01 15:08:43,250 WARNING django.request log 1 138912932558528 Bad Request: /api/users/register/
2025-09-01 15:08:43,300 INFO users.views views 1 138913154782912 User registration attempt for email: invalid-email
2025-09-01 15:08:43,300 INFO users.views views 1 138913154782912 User registration attempt for email: invalid-email
2025-09-01 15:08:43,316 ERROR users.views views 1 138913154782912 User registration failed with validation errors: {'email': [ErrorDetail(string='Enter a valid email address.', code='invalid')], 'password': [ErrorDetail(string='This password is too short. It must contain at least 8 characters.', code='password_too_short')], 'role': [ErrorDetail(string='Invalid pk "999" - object does not exist.', code='does_not_exist')], 'representative_type': [ErrorDetail(string='"" is not a valid choice.', code='invalid_choice')], 'company_name': [ErrorDetail(string='This field may not be blank.', code='blank')]}
2025-09-01 15:08:43,316 ERROR users.views views 1 138913154782912 User registration failed with validation errors: {'email': [ErrorDetail(string='Enter a valid email address.', code='invalid')], 'password': [ErrorDetail(string='This password is too short. It must contain at least 8 characters.', code='password_too_short')], 'role': [ErrorDetail(string='Invalid pk "999" - object does not exist.', code='does_not_exist')], 'representative_type': [ErrorDetail(string='"" is not a valid choice.', code='invalid_choice')], 'company_name': [ErrorDetail(string='This field may not be blank.', code='blank')]}
2025-09-01 15:08:43,319 WARNING django.request log 1 138912932558528 Bad Request: /api/users/register/
2025-09-01 15:08:43,367 INFO users.views views 1 138913154782912 Login attempt for email: test@example.com
2025-09-01 15:08:43,367 INFO users.views views 1 138913154782912 Login attempt for email: test@example.com
2025-09-01 15:08:43,379 WARNING users.views views 1 138913154782912 Failed login attempt for email: test@example.com - invalid credentials
2025-09-01 15:08:43,379 WARNING users.views views 1 138913154782912 Failed login attempt for email: test@example.com - invalid credentials
2025-09-01 15:08:43,382 WARNING django.request log 1 138912932558528 Unauthorized: /api/users/login/
2025-09-01 15:08:43,431 INFO users.views views 1 138913154782912 Login attempt for email: jamespena@example.com
2025-09-01 15:08:43,431 INFO users.views views 1 138913154782912 Login attempt for email: jamespena@example.com
2025-09-01 15:08:43,832 INFO users.views views 1 138913154782912 Successful login for user ID: 288 with email: jamespena@example.com
2025-09-01 15:08:43,832 INFO users.views views 1 138913154782912 Successful login for user ID: 288 with email: jamespena@example.com
2025-09-01 15:08:43,853 INFO users.views views 1 138913154782912 User profile request from user ID: 288
2025-09-01 15:08:43,853 INFO users.views views 1 138913154782912 User profile request from user ID: 288
2025-09-01 15:08:43,863 WARNING django.request log 1 138912932558528 Unauthorized: /api/users/me/
2025-09-01 15:31:16,863 INFO users.views views 1 138913154782912 User registration attempt for email: newuser456@example.com
2025-09-01 15:31:16,863 INFO users.views views 1 138913154782912 User registration attempt for email: newuser456@example.com
2025-09-01 15:31:16,889 ERROR users.views views 1 138913154782912 User registration failed with validation errors: {'username': [ErrorDetail(string='A user with that username already exists.', code='unique')], 'email': [ErrorDetail(string='User Profile with this email already exists.', code='unique')]}
2025-09-01 15:31:16,889 ERROR users.views views 1 138913154782912 User registration failed with validation errors: {'username': [ErrorDetail(string='A user with that username already exists.', code='unique')], 'email': [ErrorDetail(string='User Profile with this email already exists.', code='unique')]}
2025-09-01 15:31:16,892 WARNING django.request log 1 138912932558528 Bad Request: /api/users/register/
2025-09-01 15:31:16,942 INFO users.views views 1 138913154782912 User registration attempt for email: invalid-email
2025-09-01 15:31:16,942 INFO users.views views 1 138913154782912 User registration attempt for email: invalid-email
2025-09-01 15:31:16,958 ERROR users.views views 1 138913154782912 User registration failed with validation errors: {'email': [ErrorDetail(string='Enter a valid email address.', code='invalid')], 'password': [ErrorDetail(string='This password is too short. It must contain at least 8 characters.', code='password_too_short')], 'role': [ErrorDetail(string='Invalid pk "999" - object does not exist.', code='does_not_exist')], 'representative_type': [ErrorDetail(string='"" is not a valid choice.', code='invalid_choice')], 'company_name': [ErrorDetail(string='This field may not be blank.', code='blank')]}
2025-09-01 15:31:16,958 ERROR users.views views 1 138913154782912 User registration failed with validation errors: {'email': [ErrorDetail(string='Enter a valid email address.', code='invalid')], 'password': [ErrorDetail(string='This password is too short. It must contain at least 8 characters.', code='password_too_short')], 'role': [ErrorDetail(string='Invalid pk "999" - object does not exist.', code='does_not_exist')], 'representative_type': [ErrorDetail(string='"" is not a valid choice.', code='invalid_choice')], 'company_name': [ErrorDetail(string='This field may not be blank.', code='blank')]}
2025-09-01 15:31:16,961 WARNING django.request log 1 138912932558528 Bad Request: /api/users/register/
2025-09-01 15:31:17,009 INFO users.views views 1 138913154782912 Login attempt for email: test@example.com
2025-09-01 15:31:17,009 INFO users.views views 1 138913154782912 Login attempt for email: test@example.com
2025-09-01 15:31:17,022 WARNING users.views views 1 138913154782912 Failed login attempt for email: test@example.com - invalid credentials
2025-09-01 15:31:17,022 WARNING users.views views 1 138913154782912 Failed login attempt for email: test@example.com - invalid credentials
2025-09-01 15:31:17,025 WARNING django.request log 1 138912932558528 Unauthorized: /api/users/login/
2025-09-01 15:31:17,074 INFO users.views views 1 138913154782912 Login attempt for email: jamespena@example.com
2025-09-01 15:31:17,074 INFO users.views views 1 138913154782912 Login attempt for email: jamespena@example.com
2025-09-01 15:31:17,465 INFO users.views views 1 138913154782912 Successful login for user ID: 288 with email: jamespena@example.com
2025-09-01 15:31:17,465 INFO users.views views 1 138913154782912 Successful login for user ID: 288 with email: jamespena@example.com
2025-09-01 15:31:17,485 INFO users.views views 1 138913154782912 User profile request from user ID: 288
2025-09-01 15:31:17,485 INFO users.views views 1 138913154782912 User profile request from user ID: 288
2025-09-01 15:31:17,494 WARNING django.request log 1 138912932558528 Unauthorized: /api/users/me/
2025-09-01 15:58:12,123 INFO users.views views 1 138913154782912 User registration attempt for email: newuser456@example.com
2025-09-01 15:58:12,123 INFO users.views views 1 138913154782912 User registration attempt for email: newuser456@example.com
2025-09-01 15:58:12,149 ERROR users.views views 1 138913154782912 User registration failed with validation errors: {'username': [ErrorDetail(string='A user with that username already exists.', code='unique')], 'email': [ErrorDetail(string='User Profile with this email already exists.', code='unique')]}
2025-09-01 15:58:12,149 ERROR users.views views 1 138913154782912 User registration failed with validation errors: {'username': [ErrorDetail(string='A user with that username already exists.', code='unique')], 'email': [ErrorDetail(string='User Profile with this email already exists.', code='unique')]}
2025-09-01 15:58:12,153 WARNING django.request log 1 138912932558528 Bad Request: /api/users/register/
2025-09-01 15:58:12,204 INFO users.views views 1 138913154782912 User registration attempt for email: invalid-email
2025-09-01 15:58:12,204 INFO users.views views 1 138913154782912 User registration attempt for email: invalid-email
2025-09-01 15:58:12,225 ERROR users.views views 1 138913154782912 User registration failed with validation errors: {'email': [ErrorDetail(string='Enter a valid email address.', code='invalid')], 'password': [ErrorDetail(string='This password is too short. It must contain at least 8 characters.', code='password_too_short')], 'role': [ErrorDetail(string='Invalid pk "999" - object does not exist.', code='does_not_exist')], 'representative_type': [ErrorDetail(string='"" is not a valid choice.', code='invalid_choice')], 'company_name': [ErrorDetail(string='This field may not be blank.', code='blank')]}
2025-09-01 15:58:12,225 ERROR users.views views 1 138913154782912 User registration failed with validation errors: {'email': [ErrorDetail(string='Enter a valid email address.', code='invalid')], 'password': [ErrorDetail(string='This password is too short. It must contain at least 8 characters.', code='password_too_short')], 'role': [ErrorDetail(string='Invalid pk "999" - object does not exist.', code='does_not_exist')], 'representative_type': [ErrorDetail(string='"" is not a valid choice.', code='invalid_choice')], 'company_name': [ErrorDetail(string='This field may not be blank.', code='blank')]}
2025-09-01 15:58:12,228 WARNING django.request log 1 138912932558528 Bad Request: /api/users/register/
2025-09-01 15:58:12,276 INFO users.views views 1 138913154782912 Login attempt for email: test@example.com
2025-09-01 15:58:12,276 INFO users.views views 1 138913154782912 Login attempt for email: test@example.com
2025-09-01 15:58:12,288 WARNING users.views views 1 138913154782912 Failed login attempt for email: test@example.com - invalid credentials
2025-09-01 15:58:12,288 WARNING users.views views 1 138913154782912 Failed login attempt for email: test@example.com - invalid credentials
2025-09-01 15:58:12,290 WARNING django.request log 1 138912932558528 Unauthorized: /api/users/login/
2025-09-01 15:58:12,339 INFO users.views views 1 138913154782912 Login attempt for email: jamespena@example.com
2025-09-01 15:58:12,339 INFO users.views views 1 138913154782912 Login attempt for email: jamespena@example.com
2025-09-01 15:58:12,733 INFO users.views views 1 138913154782912 Successful login for user ID: 288 with email: jamespena@example.com
2025-09-01 15:58:12,733 INFO users.views views 1 138913154782912 Successful login for user ID: 288 with email: jamespena@example.com
2025-09-01 15:58:12,756 INFO users.views views 1 138913154782912 User profile request from user ID: 288
2025-09-01 15:58:12,756 INFO users.views views 1 138913154782912 User profile request from user ID: 288
2025-09-01 15:58:13,157 WARNING django.request log 1 138912932558528 Unauthorized: /api/users/me/
Test log entry
Test log entry from fix verification
